2 / 4
1 / 10
11 / 11
16 / 17
2 / 6
1 / 5
4 / 16
721 / 66215
589 / 30732
584 / 70095
6047 / 84659
13513 / 94591
9402 / 43883
346 / 5899
765 / 34470
15120 / 61133
612 / 63752
21 / 35464
1360 / 58225
41704 / 83416
46991 / 93983
198 / 79998
2730 / 22532
48389 / 96779
3207 / 76948
79618 / 79739
1980 / 60297
20 / 25146
29 / 1798
23 / 6589
4346 / 26643
2701 / 40500
4015 / 64244
260 / 82150
19886 / 59659
12524 / 93935
468 / 5846
26510 / 53030
2868 / 80318
5488 / 76832
53892 / 53919
27522 / 82599
153 / 28608
253 / 50692
2220 / 90761
7266 / 75113
3910 / 3911
830 / 62458
260 / 73982
132 / 85974
